<?xml version="1.0" encoding="UTF-8"?>
<!-- Generated by org.testng.reporters.JUnitReportReporter -->
<testsuite hostname="Mohammads-MacBook-Air.local" failures="0" tests="1" name="resources.Base" time="1.224" errors="0" timestamp="2025-03-08T10:39:19 GMT" skipped="0">
  <testcase classname="resources.Base" name="initializeDriver" time="1.224"/>
  <system-out/>
</testsuite> <!-- resources.Base -->
