<?xml version="1.0" encoding="UTF-8"?>
<!-- Generated by org.testng.reporters.JUnitReportReporter -->
<testsuite hostname="Mohammads-MacBook-Air.local" failures="0" tests="2" name="tests.LoginUser" time="24.356" errors="0" timestamp="2025-03-13T13:35:26 GMT" skipped="0">
  <testcase classname="tests.LoginUser" name="Login" time="8.450"/>
  <system-out/>
  <testcase classname="tests.LoginUser" name="Login" time="15.906"/>
  <system-out/>
</testsuite> <!-- tests.LoginUser -->
