<?xml version="1.0" encoding="UTF-8"?>
<!-- Generated by org.testng.reporters.JUnitReportReporter -->
<testsuite hostname="Mohammads-MacBook-Air.local" failures="0" tests="1" name="tests.RegisterUserExistingEmail" time="5.988" errors="0" timestamp="2025-03-16T12:37:18 GMT" skipped="0">
  <testcase classname="tests.RegisterUserExistingEmail" name="existingEmailRegister" time="5.988"/>
</testsuite> <!-- tests.RegisterUserExistingEmail -->
