<?xml version="1.0" encoding="UTF-8"?>
<!-- Generated by org.testng.reporters.JUnitReportReporter -->
<testsuite hostname="Mohammads-MacBook-Air.local" failures="0" tests="1" name="tests.RegisterUser" time="12.778" errors="0" timestamp="2025-03-13T13:35:26 GMT" skipped="0">
  <testcase classname="tests.RegisterUser" name="userRegister" time="12.778"/>
  <system-out/>
</testsuite> <!-- tests.RegisterUser -->
